<?xml version="1.0" encoding="UTF-8"?>
<!-- Generated by org.testng.reporters.JUnitXMLReporter -->
<testsuite ignored="4" hostname="Vinayak" failures="0" tests="1" name="Default test" time="7.954" errors="0" timestamp="2022-05-17T19:20:18 IST">
  <testcase classname="remotePC.qa.testcases.LoginPageRPCTest" name="ValidateLoginPage" time="0.032"/>
  <testcase classname="remotePC.qa.testcases.LoginPageRPCTest" name="Invalidlogin" time="0.0">
    <ignored/>
  </testcase> <!-- Invalidlogin -->
  <testcase classname="remotePC.qa.testcases.LoginPageRPCTest" name="navigateToForgotPassword" time="0.0">
    <ignored/>
  </testcase> <!-- navigateToForgotPassword -->
  <testcase classname="remotePC.qa.testcases.LoginPageRPCTest" name="SignupRedirection" time="0.0">
    <ignored/>
  </testcase> <!-- SignupRedirection -->
  <testcase classname="remotePC.qa.testcases.LoginPageRPCTest" name="loginToConsumerAccount" time="0.0">
    <ignored/>
  </testcase> <!-- loginToConsumerAccount -->
</testsuite> <!-- Default test -->
