<?xml version="1.0" encoding="UTF-8"?>
<!-- Generated by org.testng.reporters.JUnitXMLReporter -->
<testsuite ignored="4" hostname="LAPTOP-68V86FCM" failures="0" tests="1" name="Default test" time="27.826" errors="0" timestamp="2021-06-12T15:37:32 IST">
  <testcase classname="remotePC.qa.testcases.LoginPageRPCTest" name="SignupRedirection" time="22.496"/>
  <testcase classname="remotePC.qa.testcases.LoginPageRPCTest" name="Invalidlogin" time="0.0">
    <ignored/>
  </testcase> <!-- Invalidlogin -->
  <testcase classname="remotePC.qa.testcases.LoginPageRPCTest" name="navigateToForgotPassword" time="0.0">
    <ignored/>
  </testcase> <!-- navigateToForgotPassword -->
  <testcase classname="remotePC.qa.testcases.LoginPageRPCTest" name="ValidateLoginPage" time="0.0">
    <ignored/>
  </testcase> <!-- ValidateLoginPage -->
  <testcase classname="remotePC.qa.testcases.LoginPageRPCTest" name="loginToConsumerAccount" time="0.0">
    <ignored/>
  </testcase> <!-- loginToConsumerAccount -->
</testsuite> <!-- Default test -->
