<?xml version="1.0" encoding="UTF-8"?>
<!-- Generated by org.testng.reporters.JUnitXMLReporter -->
<testsuite ignored="0" hostname="LAPTOP-68V86FCM" failures="0" tests="5" name="Remote PC App Test Cases" time="87.914" errors="0" timestamp="2021-06-12T15:29:54 IST">
  <testcase classname="remotePC.qa.testcases.LoginPageRPCTest" name="Invalidlogin" time="1.625"/>
  <testcase classname="remotePC.qa.testcases.LoginPageRPCTest" name="SignupRedirection" time="32.699"/>
  <testcase classname="remotePC.qa.testcases.LoginPageRPCTest" name="ValidateLoginPage" time="0.004"/>
  <testcase classname="remotePC.qa.testcases.LoginPageRPCTest" name="loginToConsumerAccount" time="25.756"/>
  <testcase classname="remotePC.qa.testcases.LoginPageRPCTest" name="navigateToForgotPassword" time="1.039"/>
</testsuite> <!-- Remote PC App Test Cases -->
