<?xml version="1.0" encoding="UTF-8"?>
<testng-results ignored="4" total="5" passed="1" failed="0" skipped="0">
  <reporter-output>
  </reporter-output>
  <suite started-at="2022-05-17T19:20:10 IST" name="Default suite" finished-at="2022-05-17T19:20:18 IST" duration-ms="7954">
    <groups>
    </groups>
    <test started-at="2022-05-17T19:20:10 IST" name="Default test" finished-at="2022-05-17T19:20:18 IST" duration-ms="7954">
      <class name="remotePC.qa.testcases.LoginPageRPCTest">
        <test-method is-config="true" signature="setup()[pri:0, instance:remotePC.qa.testcases.LoginPageRPCTest@41dd05a]" started-at="2022-05-17T19:20:10 IST" name="setup" finished-at="2022-05-17T19:20:18 IST" duration-ms="7481" status="PASS">
          <reporter-output>
          </reporter-output>
        </test-method> <!-- setup -->
        <test-method signature="ValidateLoginPage()[pri:0, instance:remotePC.qa.testcases.LoginPageRPCTest@41dd05a]" started-at="2022-05-17T19:20:18 IST" name="ValidateLoginPage" finished-at="2022-05-17T19:20:18 IST" duration-ms="32" status="PASS">
          <reporter-output>
          </reporter-output>
        </test-method> <!-- ValidateLoginPage -->
        <test-method is-config="true" signature="teardown(org.testng.ITestResult)[pri:0, instance:remotePC.qa.testcases.LoginPageRPCTest@41dd05a]" started-at="2022-05-17T19:20:18 IST" name="teardown" finished-at="2022-05-17T19:20:18 IST" duration-ms="356" status="PASS">
          <params>
            <param index="0">
              <value>
                <![CDATA[[TestResult name=ValidateLoginPage status=SUCCESS method=LoginPageRPCTest.ValidateLoginPage()[pri:0, instance:remotePC.qa.testcases.LoginPageRPCTest@41dd05a] output={null}]]]>
              </value>
            </param>
          </params>
          <reporter-output>
          </reporter-output>
        </test-method> <!-- teardown -->
      </class> <!-- remotePC.qa.testcases.LoginPageRPCTest -->
    </test> <!-- Default test -->
  </suite> <!-- Default suite -->
</testng-results>
